2026-02-20T14:26:39 | INFO     | __main__ | Mensagem processada com sucesso | satellite_id=SAT-AQUA-01
2026-02-20T14:26:39 | INFO     | __main__ | Mensagem processada com sucesso | satellite_id=SAT-AQUA-02
2026-02-20T14:26:40 | INFO     | __main__ | Mensagem processada com sucesso | satellite_id=SAT-AQUA-03
2026-02-20T14:26:40 | INFO     | __main__ | Mensagem processada com sucesso | satellite_id=SAT-AQUA-04
2026-02-20T14:26:40 | INFO     | __main__ | Mensagem processada com sucesso | satellite_id=SAT-AQUA-05
2026-02-20T14:26:40 | INFO     | __main__ | Mensagem processada com sucesso | satellite_id=SAT-AQUA-01
2026-02-20T14:26:40 | INFO     | __main__ | Mensagem processada com sucesso | satellite_id=SAT-AQUA-02
2026-02-20T14:26:40 | INFO     | __main__ | Mensagem processada com sucesso | satellite_id=SAT-AQUA-03
2026-02-20T14:26:40 | INFO     | __main__ | Mensagem processada com sucesso | satellite_id=SAT-AQUA-04
2026-02-20T14:26:40 | INFO     | __main__ | Mensagem processada com sucesso | satellite_id=SAT-AQUA-05
2026-02-20T14:26:40 | INFO     | __main__ | Mensagem processada com sucesso | satellite_id=SAT-AQUA-01
2026-02-20T14:26:40 | INFO     | __main__ | Mensagem processada com sucesso | satellite_id=SAT-AQUA-02
2026-02-20T14:26:40 | INFO     | __main__ | Mensagem processada com sucesso | satellite_id=SAT-AQUA-03
2026-02-20T14:26:40 | INFO     | __main__ | Mensagem processada com sucesso | satellite_id=SAT-AQUA-04
2026-02-20T14:26:40 | INFO     | __main__ | Mensagem processada com sucesso | satellite_id=SAT-AQUA-05
2026-02-20T14:26:41 | INFO     | __main__ | Mensagem processada com sucesso | satellite_id=SAT-AQUA-01
2026-02-20T14:26:41 | INFO     | __main__ | Mensagem processada com sucesso | satellite_id=SAT-AQUA-02
2026-02-20T14:26:41 | INFO     | __main__ | Mensagem processada com sucesso | satellite_id=SAT-AQUA-03
2026-02-20T14:26:41 | INFO     | __main__ | Mensagem processada com sucesso | satellite_id=SAT-AQUA-04
2026-02-20T14:26:41 | INFO     | __main__ | Mensagem processada com sucesso | satellite_id=SAT-AQUA-05
2026-02-20T14:26:41 | INFO     | __main__ | Mensagem processada com sucesso | satellite_id=SAT-AQUA-01
2026-02-20T15:22:26 | ERROR    | __main__ | Mensagem descartada | topic=curso/smartaqua/telemetry/SAT-AQUA-01 | erro=can only concatenate tuple (not "dict") to tuple
2026-02-20T15:22:49 | ERROR    | __main__ | Mensagem descartada | topic=curso/smartaqua/telemetry/SAT-AQUA-01 | erro=can only concatenate tuple (not "dict") to tuple
2026-02-20T15:22:49 | ERROR    | __main__ | Mensagem descartada | topic=curso/smartaqua/telemetry/SAT-AQUA-02 | erro=Integridade Falhou: core_temp_c fora do domínio [-100, 200]: 4460.7
2026-02-20T15:22:49 | ERROR    | __main__ | Mensagem descartada | topic=curso/smartaqua/telemetry/SAT-AQUA-03 | erro=can only concatenate tuple (not "dict") to tuple
2026-02-20T15:22:49 | ERROR    | __main__ | Mensagem descartada | topic=curso/smartaqua/telemetry/SAT-AQUA-04 | erro=can only concatenate tuple (not "dict") to tuple
2026-02-20T15:22:49 | ERROR    | __main__ | Mensagem descartada | topic=curso/smartaqua/telemetry/SAT-AQUA-05 | erro=can only concatenate tuple (not "dict") to tuple
2026-02-20T15:22:50 | ERROR    | __main__ | Mensagem descartada | topic=curso/smartaqua/telemetry/SAT-AQUA-01 | erro=can only concatenate tuple (not "dict") to tuple
2026-02-20T15:22:50 | ERROR    | __main__ | Mensagem descartada | topic=curso/smartaqua/telemetry/SAT-AQUA-02 | erro=Integridade Falhou: core_temp_c fora do domínio [-100, 200]: 4461.2
2026-02-20T15:22:50 | ERROR    | __main__ | Mensagem descartada | topic=curso/smartaqua/telemetry/SAT-AQUA-03 | erro=can only concatenate tuple (not "dict") to tuple
2026-02-20T15:22:50 | ERROR    | __main__ | Mensagem descartada | topic=curso/smartaqua/telemetry/SAT-AQUA-04 | erro=can only concatenate tuple (not "dict") to tuple
2026-02-20T15:22:50 | ERROR    | __main__ | Mensagem descartada | topic=curso/smartaqua/telemetry/SAT-AQUA-05 | erro=can only concatenate tuple (not "dict") to tuple
2026-02-20T15:22:50 | ERROR    | __main__ | Mensagem descartada | topic=curso/smartaqua/telemetry/SAT-AQUA-01 | erro=can only concatenate tuple (not "dict") to tuple
2026-02-20T15:22:50 | ERROR    | __main__ | Mensagem descartada | topic=curso/smartaqua/telemetry/SAT-AQUA-02 | erro=Integridade Falhou: core_temp_c fora do domínio [-100, 200]: 4462.3
2026-02-20T15:22:50 | ERROR    | __main__ | Mensagem descartada | topic=curso/smartaqua/telemetry/SAT-AQUA-03 | erro=can only concatenate tuple (not "dict") to tuple
2026-02-20T15:22:50 | ERROR    | __main__ | Mensagem descartada | topic=curso/smartaqua/telemetry/SAT-AQUA-04 | erro=can only concatenate tuple (not "dict") to tuple
2026-02-20T15:22:50 | ERROR    | __main__ | Mensagem descartada | topic=curso/smartaqua/telemetry/SAT-AQUA-05 | erro=can only concatenate tuple (not "dict") to tuple
2026-02-20T15:24:09 | ERROR    | __main__ | Mensagem descartada | topic=curso/smartaqua/telemetry/SAT-AQUA-01 | erro=dump() missing 1 required positional argument: 'fp'
2026-02-20T15:24:10 | ERROR    | __main__ | Mensagem descartada | topic=curso/smartaqua/telemetry/SAT-AQUA-02 | erro=Integridade Falhou: core_temp_c fora do domínio [-100, 200]: 4556.6
2026-02-20T15:24:10 | ERROR    | __main__ | Mensagem descartada | topic=curso/smartaqua/telemetry/SAT-AQUA-03 | erro=dump() missing 1 required positional argument: 'fp'
2026-02-20T15:24:10 | ERROR    | __main__ | Mensagem descartada | topic=curso/smartaqua/telemetry/SAT-AQUA-04 | erro=dump() missing 1 required positional argument: 'fp'
2026-02-20T15:24:10 | ERROR    | __main__ | Mensagem descartada | topic=curso/smartaqua/telemetry/SAT-AQUA-05 | erro=dump() missing 1 required positional argument: 'fp'
2026-02-20T15:24:10 | ERROR    | __main__ | Mensagem descartada | topic=curso/smartaqua/telemetry/SAT-AQUA-01 | erro=dump() missing 1 required positional argument: 'fp'
2026-02-20T15:24:10 | ERROR    | __main__ | Mensagem descartada | topic=curso/smartaqua/telemetry/SAT-AQUA-02 | erro=Integridade Falhou: core_temp_c fora do domínio [-100, 200]: 4557.9
2026-02-20T15:24:10 | ERROR    | __main__ | Mensagem descartada | topic=curso/smartaqua/telemetry/SAT-AQUA-03 | erro=dump() missing 1 required positional argument: 'fp'
2026-02-20T15:24:10 | ERROR    | __main__ | Mensagem descartada | topic=curso/smartaqua/telemetry/SAT-AQUA-04 | erro=dump() missing 1 required positional argument: 'fp'
2026-02-20T15:24:10 | ERROR    | __main__ | Mensagem descartada | topic=curso/smartaqua/telemetry/SAT-AQUA-05 | erro=dump() missing 1 required positional argument: 'fp'
2026-02-20T15:24:10 | ERROR    | __main__ | Mensagem descartada | topic=curso/smartaqua/telemetry/SAT-AQUA-01 | erro=dump() missing 1 required positional argument: 'fp'
2026-02-20T15:24:10 | ERROR    | __main__ | Mensagem descartada | topic=curso/smartaqua/telemetry/SAT-AQUA-02 | erro=Integridade Falhou: core_temp_c fora do domínio [-100, 200]: 4557.7
2026-02-20T15:24:10 | ERROR    | __main__ | Mensagem descartada | topic=curso/smartaqua/telemetry/SAT-AQUA-03 | erro=dump() missing 1 required positional argument: 'fp'
2026-02-20T15:24:10 | ERROR    | __main__ | Mensagem descartada | topic=curso/smartaqua/telemetry/SAT-AQUA-04 | erro=dump() missing 1 required positional argument: 'fp'
2026-02-20T15:24:10 | ERROR    | __main__ | Mensagem descartada | topic=curso/smartaqua/telemetry/SAT-AQUA-05 | erro=dump() missing 1 required positional argument: 'fp'
2026-02-20T15:24:49 | ERROR    | __main__ | Mensagem descartada | topic=curso/smartaqua/telemetry/SAT-AQUA-01 | erro=list indices must be integers or slices, not str
2026-02-20T15:24:49 | ERROR    | __main__ | Mensagem descartada | topic=curso/smartaqua/telemetry/SAT-AQUA-02 | erro=Integridade Falhou: core_temp_c fora do domínio [-100, 200]: 4613.8
2026-02-20T15:24:49 | ERROR    | __main__ | Mensagem descartada | topic=curso/smartaqua/telemetry/SAT-AQUA-03 | erro=list indices must be integers or slices, not str
2026-02-20T15:24:49 | ERROR    | __main__ | Mensagem descartada | topic=curso/smartaqua/telemetry/SAT-AQUA-04 | erro=list indices must be integers or slices, not str
2026-02-20T15:24:49 | ERROR    | __main__ | Mensagem descartada | topic=curso/smartaqua/telemetry/SAT-AQUA-05 | erro=list indices must be integers or slices, not str
2026-02-20T15:24:50 | ERROR    | __main__ | Mensagem descartada | topic=curso/smartaqua/telemetry/SAT-AQUA-01 | erro=list indices must be integers or slices, not str
2026-02-20T15:24:50 | ERROR    | __main__ | Mensagem descartada | topic=curso/smartaqua/telemetry/SAT-AQUA-02 | erro=Integridade Falhou: core_temp_c fora do domínio [-100, 200]: 4615.4
2026-02-20T15:24:50 | ERROR    | __main__ | Mensagem descartada | topic=curso/smartaqua/telemetry/SAT-AQUA-03 | erro=list indices must be integers or slices, not str
2026-02-20T15:24:50 | ERROR    | __main__ | Mensagem descartada | topic=curso/smartaqua/telemetry/SAT-AQUA-04 | erro=list indices must be integers or slices, not str
2026-02-20T15:24:50 | ERROR    | __main__ | Mensagem descartada | topic=curso/smartaqua/telemetry/SAT-AQUA-05 | erro=list indices must be integers or slices, not str
2026-02-20T15:24:50 | ERROR    | __main__ | Mensagem descartada | topic=curso/smartaqua/telemetry/SAT-AQUA-01 | erro=list indices must be integers or slices, not str
2026-02-20T15:24:50 | ERROR    | __main__ | Mensagem descartada | topic=curso/smartaqua/telemetry/SAT-AQUA-02 | erro=Integridade Falhou: core_temp_c fora do domínio [-100, 200]: 4615.5
2026-02-20T15:24:50 | ERROR    | __main__ | Mensagem descartada | topic=curso/smartaqua/telemetry/SAT-AQUA-03 | erro=list indices must be integers or slices, not str
2026-02-20T15:24:50 | ERROR    | __main__ | Mensagem descartada | topic=curso/smartaqua/telemetry/SAT-AQUA-04 | erro=list indices must be integers or slices, not str
2026-02-20T15:24:50 | ERROR    | __main__ | Mensagem descartada | topic=curso/smartaqua/telemetry/SAT-AQUA-05 | erro=list indices must be integers or slices, not str
2026-02-20T15:26:03 | INFO     | __main__ | Mensagem processada com sucesso | satellite_id={'orbital': {'latitude': 27.0062, 'longitude': 5.6608, 'altitude_km': 600.0, 'velocity_kms': 7.684}, 'power': {'battery_level_pct': 100.0, 'solar_voltage_v': 0.0, 'current_draw_a': 5.32}, 'thermal': {'core_temp_c': -55.9, 'external_temp_c': -42.5, 'cooling_active': False}, 'propulsion': {'fuel_remaining_kg': 97.18, 'thruster_status': 'OK'}, 'communications': {'signal_strength_dbm': -90, 'packet_loss_pct': 0.25, 'uplink_active': True}, 'payload_sensors': {'soil_moisture_index': 0.101, 'surface_water_area_sqkm': 24034, 'algae_bloom_index': 7.5, 'sea_surface_salinity_psu': 39.26, 'ice_thickness_m': None}, 'diagnostics': {'cpu_usage_pct': 17, 'memory_usage_mb': 2013, 'last_error_code': 0}}
2026-02-20T15:26:03 | ERROR    | __main__ | Mensagem descartada | topic=curso/smartaqua/telemetry/SAT-AQUA-02 | erro=Integridade Falhou: core_temp_c fora do domínio [-100, 200]: 4720.8
2026-02-20T15:26:03 | INFO     | __main__ | Mensagem processada com sucesso | satellite_id={'orbital': {'latitude': 11.9232, 'longitude': 178.394, 'altitude_km': 1.0, 'velocity_kms': 7.734}, 'power': {'battery_level_pct': 0.0, 'solar_voltage_v': 32.5, 'current_draw_a': 2.51}, 'thermal': {'core_temp_c': 199.0, 'external_temp_c': -101.9, 'cooling_active': True}, 'propulsion': {'fuel_remaining_kg': 0.0, 'thruster_status': 'ERROR'}, 'communications': {'signal_strength_dbm': -110, 'packet_loss_pct': 20.78, 'uplink_active': False}, 'payload_sensors': {'soil_moisture_index': None, 'surface_water_area_sqkm': 0, 'algae_bloom_index': 57.3, 'sea_surface_salinity_psu': 37.26, 'ice_thickness_m': None}, 'diagnostics': {'cpu_usage_pct': 44, 'memory_usage_mb': 678, 'last_error_code': 503}}
2026-02-20T15:26:03 | INFO     | __main__ | Mensagem processada com sucesso | satellite_id={'orbital': {'latitude': 0.0, 'longitude': 0.0, 'altitude_km': 605.0, 'velocity_kms': 7.693}, 'power': {'battery_level_pct': 100.0, 'solar_voltage_v': 0.0, 'current_draw_a': 6.61}, 'thermal': {'core_temp_c': -29.9, 'external_temp_c': 32.3, 'cooling_active': False}, 'propulsion': {'fuel_remaining_kg': 47.3, 'thruster_status': 'OK'}, 'communications': {'signal_strength_dbm': -65, 'packet_loss_pct': 0.35, 'uplink_active': True}, 'payload_sensors': {'soil_moisture_index': 0.197, 'surface_water_area_sqkm': 7366, 'algae_bloom_index': 52.9, 'sea_surface_salinity_psu': 36.27, 'ice_thickness_m': None}, 'diagnostics': {'cpu_usage_pct': 72, 'memory_usage_mb': 3637, 'last_error_code': 0}}
2026-02-20T15:26:03 | INFO     | __main__ | Mensagem processada com sucesso | satellite_id={'orbital': {'latitude': 22.5531, 'longitude': 162.2103, 'altitude_km': 610.0, 'velocity_kms': 7.727}, 'power': {'battery_level_pct': 100.0, 'solar_voltage_v': 0.0, 'current_draw_a': 4.82}, 'thermal': {'core_temp_c': -31.6, 'external_temp_c': -103.8, 'cooling_active': False}, 'propulsion': {'fuel_remaining_kg': 127.18, 'thruster_status': 'OK'}, 'communications': {'signal_strength_dbm': -81, 'packet_loss_pct': 0.1, 'uplink_active': True}, 'payload_sensors': {'soil_moisture_index': 0.76, 'surface_water_area_sqkm': 18882, 'algae_bloom_index': 78.1, 'sea_surface_salinity_psu': 35.73, 'ice_thickness_m': None}, 'diagnostics': {'cpu_usage_pct': 26, 'memory_usage_mb': 2976, 'last_error_code': 0}}
2026-02-20T15:26:09 | ERROR    | __main__ | Mensagem descartada | topic=curso/smartaqua/telemetry/SAT-AQUA-02 | erro=Integridade Falhou: core_temp_c fora do domínio [-100, 200]: 4730.9
2026-02-20T15:27:24 | ERROR    | __main__ | Mensagem descartada | topic=curso/smartaqua/telemetry/SAT-AQUA-02 | erro=Integridade Falhou: core_temp_c fora do domínio [-100, 200]: 4852.7
2026-02-20T15:27:24 | ERROR    | __main__ | Mensagem descartada | topic=curso/smartaqua/telemetry/SAT-AQUA-02 | erro=Integridade Falhou: core_temp_c fora do domínio [-100, 200]: 4852.4
2026-02-20T15:28:23 | ERROR    | __main__ | Mensagem descartada | topic=curso/smartaqua/telemetry/SAT-AQUA-02 | erro=Integridade Falhou: core_temp_c fora do domínio [-100, 200]: 4919.0
2026-02-20T15:39:45 | ERROR    | __main__ | Mensagem descartada | topic=curso/smartaqua/telemetry/SAT-AQUA-02 | erro=Integridade Falhou: core_temp_c fora do domínio [-100, 200]: 5836.7
2026-02-20T15:39:45 | ERROR    | __main__ | Mensagem descartada | topic=curso/smartaqua/telemetry/SAT-AQUA-02 | erro=Integridade Falhou: core_temp_c fora do domínio [-100, 200]: 5838.5
2026-02-20T15:40:13 | ERROR    | __main__ | Mensagem descartada | topic=curso/smartaqua/telemetry/SAT-AQUA-02 | erro=Integridade Falhou: core_temp_c fora do domínio [-100, 200]: 5877.7
2026-02-20T15:40:33 | ERROR    | __main__ | Mensagem descartada | topic=curso/smartaqua/telemetry/SAT-AQUA-02 | erro=Integridade Falhou: core_temp_c fora do domínio [-100, 200]: 5907.2
2026-02-20T15:40:33 | ERROR    | __main__ | Mensagem descartada | topic=curso/smartaqua/telemetry/SAT-AQUA-02 | erro=Integridade Falhou: core_temp_c fora do domínio [-100, 200]: 5908.3
2026-02-20T15:42:16 | INFO     | __main__ | Mensagem processada com sucesso | satellite_id=SAT-AQUA-01
2026-02-20T15:42:16 | ERROR    | __main__ | Mensagem descartada | topic=curso/smartaqua/telemetry/SAT-AQUA-02 | erro=Integridade Falhou: core_temp_c fora do domínio [-100, 200]: 6036.1
2026-02-20T15:42:16 | INFO     | __main__ | Mensagem processada com sucesso | satellite_id=SAT-AQUA-03
2026-02-20T15:42:16 | INFO     | __main__ | Mensagem processada com sucesso | satellite_id=SAT-AQUA-04
2026-02-20T15:42:16 | INFO     | __main__ | Mensagem processada com sucesso | satellite_id=SAT-AQUA-05
2026-02-20T15:42:16 | INFO     | __main__ | Mensagem processada com sucesso | satellite_id=SAT-AQUA-01
2026-02-20T15:42:16 | ERROR    | __main__ | Mensagem descartada | topic=curso/smartaqua/telemetry/SAT-AQUA-02 | erro=Integridade Falhou: core_temp_c fora do domínio [-100, 200]: 6035.8
2026-02-20T15:42:16 | INFO     | __main__ | Mensagem processada com sucesso | satellite_id=SAT-AQUA-03
2026-02-20T15:42:16 | INFO     | __main__ | Mensagem processada com sucesso | satellite_id=SAT-AQUA-04
2026-02-20T15:42:16 | INFO     | __main__ | Mensagem processada com sucesso | satellite_id=SAT-AQUA-05
2026-02-20T15:42:16 | INFO     | __main__ | Mensagem processada com sucesso | satellite_id=SAT-AQUA-01
2026-02-20T15:42:16 | ERROR    | __main__ | Mensagem descartada | topic=curso/smartaqua/telemetry/SAT-AQUA-02 | erro=Integridade Falhou: core_temp_c fora do domínio [-100, 200]: 6037.2
2026-02-20T15:42:16 | INFO     | __main__ | Mensagem processada com sucesso | satellite_id=SAT-AQUA-03
2026-02-20T15:42:16 | INFO     | __main__ | Mensagem processada com sucesso | satellite_id=SAT-AQUA-04
2026-02-20T15:42:16 | INFO     | __main__ | Mensagem processada com sucesso | satellite_id=SAT-AQUA-05
2026-02-20T15:42:17 | INFO     | __main__ | Mensagem processada com sucesso | satellite_id=SAT-AQUA-01
2026-02-20T15:42:17 | ERROR    | __main__ | Mensagem descartada | topic=curso/smartaqua/telemetry/SAT-AQUA-02 | erro=Integridade Falhou: core_temp_c fora do domínio [-100, 200]: 6039.3
2026-02-20T15:42:17 | INFO     | __main__ | Mensagem processada com sucesso | satellite_id=SAT-AQUA-03
2026-02-20T15:42:17 | INFO     | __main__ | Mensagem processada com sucesso | satellite_id=SAT-AQUA-04
2026-02-20T15:42:17 | INFO     | __main__ | Mensagem processada com sucesso | satellite_id=SAT-AQUA-05
2026-02-20T15:42:45 | INFO     | __main__ | Mensagem processada com sucesso | satellite_id=SAT-AQUA-03
2026-02-20T15:42:45 | INFO     | __main__ | Mensagem processada com sucesso | satellite_id=SAT-AQUA-04
2026-02-20T15:42:45 | INFO     | __main__ | Mensagem processada com sucesso | satellite_id=SAT-AQUA-05
2026-02-20T15:42:46 | INFO     | __main__ | Mensagem processada com sucesso | satellite_id=SAT-AQUA-01
2026-02-20T15:42:46 | ERROR    | __main__ | Mensagem descartada | topic=curso/smartaqua/telemetry/SAT-AQUA-02 | erro=Integridade Falhou: core_temp_c fora do domínio [-100, 200]: 6080.3
2026-02-20T15:42:46 | INFO     | __main__ | Mensagem processada com sucesso | satellite_id=SAT-AQUA-03
2026-02-20T15:42:46 | INFO     | __main__ | Mensagem processada com sucesso | satellite_id=SAT-AQUA-04
2026-02-20T15:42:46 | INFO     | __main__ | Mensagem processada com sucesso | satellite_id=SAT-AQUA-05
2026-02-20T15:42:46 | INFO     | __main__ | Mensagem processada com sucesso | satellite_id=SAT-AQUA-01
2026-02-20T15:42:46 | ERROR    | __main__ | Mensagem descartada | topic=curso/smartaqua/telemetry/SAT-AQUA-02 | erro=Integridade Falhou: core_temp_c fora do domínio [-100, 200]: 6080.0
2026-02-20T15:42:46 | INFO     | __main__ | Mensagem processada com sucesso | satellite_id=SAT-AQUA-03
2026-02-20T15:42:46 | INFO     | __main__ | Mensagem processada com sucesso | satellite_id=SAT-AQUA-04
2026-02-20T15:42:46 | INFO     | __main__ | Mensagem processada com sucesso | satellite_id=SAT-AQUA-05
2026-02-20T15:42:46 | INFO     | __main__ | Mensagem processada com sucesso | satellite_id=SAT-AQUA-01
2026-02-20T15:42:46 | ERROR    | __main__ | Mensagem descartada | topic=curso/smartaqua/telemetry/SAT-AQUA-02 | erro=Integridade Falhou: core_temp_c fora do domínio [-100, 200]: 6079.9
2026-02-20T15:42:46 | INFO     | __main__ | Mensagem processada com sucesso | satellite_id=SAT-AQUA-03
2026-02-20T15:42:46 | INFO     | __main__ | Mensagem processada com sucesso | satellite_id=SAT-AQUA-04
2026-02-20T15:42:46 | INFO     | __main__ | Mensagem processada com sucesso | satellite_id=SAT-AQUA-05
2026-02-20T15:42:47 | INFO     | __main__ | Mensagem processada com sucesso | satellite_id=SAT-AQUA-01
2026-02-20T15:42:47 | ERROR    | __main__ | Mensagem descartada | topic=curso/smartaqua/telemetry/SAT-AQUA-02 | erro=Integridade Falhou: core_temp_c fora do domínio [-100, 200]: 6080.8
2026-02-20T15:42:47 | INFO     | __main__ | Mensagem processada com sucesso | satellite_id=SAT-AQUA-03
2026-02-20T15:42:47 | INFO     | __main__ | Mensagem processada com sucesso | satellite_id=SAT-AQUA-04
2026-02-20T15:42:47 | INFO     | __main__ | Mensagem processada com sucesso | satellite_id=SAT-AQUA-05
2026-02-20T15:42:47 | INFO     | __main__ | Mensagem processada com sucesso | satellite_id=SAT-AQUA-01
2026-02-20T15:42:47 | ERROR    | __main__ | Mensagem descartada | topic=curso/smartaqua/telemetry/SAT-AQUA-02 | erro=Integridade Falhou: core_temp_c fora do domínio [-100, 200]: 6081.3
2026-02-20T15:42:47 | INFO     | __main__ | Mensagem processada com sucesso | satellite_id=SAT-AQUA-03
2026-02-20T15:42:47 | INFO     | __main__ | Mensagem processada com sucesso | satellite_id=SAT-AQUA-04
2026-02-20T15:42:47 | INFO     | __main__ | Mensagem processada com sucesso | satellite_id=SAT-AQUA-05
2026-02-20T15:42:47 | INFO     | __main__ | Mensagem processada com sucesso | satellite_id=SAT-AQUA-01
2026-02-20T15:42:47 | ERROR    | __main__ | Mensagem descartada | topic=curso/smartaqua/telemetry/SAT-AQUA-02 | erro=Integridade Falhou: core_temp_c fora do domínio [-100, 200]: 6082.1
2026-02-20T15:42:47 | INFO     | __main__ | Mensagem processada com sucesso | satellite_id=SAT-AQUA-03
2026-02-20T15:42:47 | INFO     | __main__ | Mensagem processada com sucesso | satellite_id=SAT-AQUA-04
2026-02-20T15:42:47 | INFO     | __main__ | Mensagem processada com sucesso | satellite_id=SAT-AQUA-05
2026-02-20T15:42:48 | INFO     | __main__ | Mensagem processada com sucesso | satellite_id=SAT-AQUA-01
2026-02-20T15:42:48 | ERROR    | __main__ | Mensagem descartada | topic=curso/smartaqua/telemetry/SAT-AQUA-02 | erro=Integridade Falhou: core_temp_c fora do domínio [-100, 200]: 6083.6
2026-02-20T15:42:48 | INFO     | __main__ | Mensagem processada com sucesso | satellite_id=SAT-AQUA-03
2026-02-20T15:42:48 | INFO     | __main__ | Mensagem processada com sucesso | satellite_id=SAT-AQUA-04
2026-02-20T15:42:48 | INFO     | __main__ | Mensagem processada com sucesso | satellite_id=SAT-AQUA-05
2026-02-20T15:42:48 | INFO     | __main__ | Mensagem processada com sucesso | satellite_id=SAT-AQUA-01
2026-02-20T15:42:48 | ERROR    | __main__ | Mensagem descartada | topic=curso/smartaqua/telemetry/SAT-AQUA-02 | erro=Integridade Falhou: core_temp_c fora do domínio [-100, 200]: 6082.9
2026-02-20T15:42:48 | INFO     | __main__ | Mensagem processada com sucesso | satellite_id=SAT-AQUA-03
2026-02-20T15:42:48 | INFO     | __main__ | Mensagem processada com sucesso | satellite_id=SAT-AQUA-04
2026-02-20T15:42:48 | INFO     | __main__ | Mensagem processada com sucesso | satellite_id=SAT-AQUA-05
2026-02-20T15:42:49 | INFO     | __main__ | Mensagem processada com sucesso | satellite_id=SAT-AQUA-01
2026-02-20T15:42:49 | ERROR    | __main__ | Mensagem descartada | topic=curso/smartaqua/telemetry/SAT-AQUA-02 | erro=Integridade Falhou: core_temp_c fora do domínio [-100, 200]: 6083.8
2026-02-20T15:42:49 | INFO     | __main__ | Mensagem processada com sucesso | satellite_id=SAT-AQUA-03
2026-02-20T15:42:49 | INFO     | __main__ | Mensagem processada com sucesso | satellite_id=SAT-AQUA-04
2026-02-20T15:42:49 | INFO     | __main__ | Mensagem processada com sucesso | satellite_id=SAT-AQUA-05
2026-02-20T15:42:49 | INFO     | __main__ | Mensagem processada com sucesso | satellite_id=SAT-AQUA-01
2026-02-20T15:42:49 | ERROR    | __main__ | Mensagem descartada | topic=curso/smartaqua/telemetry/SAT-AQUA-02 | erro=Integridade Falhou: core_temp_c fora do domínio [-100, 200]: 6083.2
2026-02-20T15:42:49 | INFO     | __main__ | Mensagem processada com sucesso | satellite_id=SAT-AQUA-03
2026-02-20T15:42:49 | INFO     | __main__ | Mensagem processada com sucesso | satellite_id=SAT-AQUA-04
2026-02-20T15:42:49 | INFO     | __main__ | Mensagem processada com sucesso | satellite_id=SAT-AQUA-05
2026-02-20T15:42:49 | INFO     | __main__ | Mensagem processada com sucesso | satellite_id=SAT-AQUA-01
2026-02-20T15:42:49 | ERROR    | __main__ | Mensagem descartada | topic=curso/smartaqua/telemetry/SAT-AQUA-02 | erro=Integridade Falhou: core_temp_c fora do domínio [-100, 200]: 6082.6
2026-02-20T15:42:49 | INFO     | __main__ | Mensagem processada com sucesso | satellite_id=SAT-AQUA-03
2026-02-20T15:42:49 | INFO     | __main__ | Mensagem processada com sucesso | satellite_id=SAT-AQUA-04
2026-02-20T15:42:49 | INFO     | __main__ | Mensagem processada com sucesso | satellite_id=SAT-AQUA-05
2026-02-20T15:42:50 | INFO     | __main__ | Mensagem processada com sucesso | satellite_id=SAT-AQUA-01
2026-02-20T15:42:50 | ERROR    | __main__ | Mensagem descartada | topic=curso/smartaqua/telemetry/SAT-AQUA-02 | erro=Integridade Falhou: core_temp_c fora do domínio [-100, 200]: 6083.4
2026-02-20T15:42:50 | INFO     | __main__ | Mensagem processada com sucesso | satellite_id=SAT-AQUA-03
2026-02-20T15:42:50 | INFO     | __main__ | Mensagem processada com sucesso | satellite_id=SAT-AQUA-04
2026-02-20T15:42:50 | INFO     | __main__ | Mensagem processada com sucesso | satellite_id=SAT-AQUA-05
2026-02-20T15:42:50 | INFO     | __main__ | Mensagem processada com sucesso | satellite_id=SAT-AQUA-01
2026-02-20T15:42:50 | ERROR    | __main__ | Mensagem descartada | topic=curso/smartaqua/telemetry/SAT-AQUA-02 | erro=Integridade Falhou: core_temp_c fora do domínio [-100, 200]: 6083.7
2026-02-20T15:42:50 | INFO     | __main__ | Mensagem processada com sucesso | satellite_id=SAT-AQUA-03
2026-02-20T15:42:50 | INFO     | __main__ | Mensagem processada com sucesso | satellite_id=SAT-AQUA-04
2026-02-20T15:42:50 | INFO     | __main__ | Mensagem processada com sucesso | satellite_id=SAT-AQUA-05
2026-02-20T15:42:50 | INFO     | __main__ | Mensagem processada com sucesso | satellite_id=SAT-AQUA-01
2026-02-20T15:42:50 | ERROR    | __main__ | Mensagem descartada | topic=curso/smartaqua/telemetry/SAT-AQUA-02 | erro=Integridade Falhou: core_temp_c fora do domínio [-100, 200]: 6084.2
2026-02-20T15:42:51 | INFO     | __main__ | Mensagem processada com sucesso | satellite_id=SAT-AQUA-03
2026-02-20T15:42:51 | INFO     | __main__ | Mensagem processada com sucesso | satellite_id=SAT-AQUA-04
2026-02-20T15:42:51 | INFO     | __main__ | Mensagem processada com sucesso | satellite_id=SAT-AQUA-05
2026-02-20T15:42:51 | INFO     | __main__ | Mensagem processada com sucesso | satellite_id=SAT-AQUA-01
2026-02-20T15:42:51 | ERROR    | __main__ | Mensagem descartada | topic=curso/smartaqua/telemetry/SAT-AQUA-02 | erro=Integridade Falhou: core_temp_c fora do domínio [-100, 200]: 6086.0
2026-02-20T15:42:51 | INFO     | __main__ | Mensagem processada com sucesso | satellite_id=SAT-AQUA-03
2026-02-20T15:42:51 | INFO     | __main__ | Mensagem processada com sucesso | satellite_id=SAT-AQUA-04
2026-02-20T15:42:51 | INFO     | __main__ | Mensagem processada com sucesso | satellite_id=SAT-AQUA-05
2026-02-20T15:42:51 | INFO     | __main__ | Mensagem processada com sucesso | satellite_id=SAT-AQUA-01
2026-02-20T15:42:51 | ERROR    | __main__ | Mensagem descartada | topic=curso/smartaqua/telemetry/SAT-AQUA-02 | erro=Integridade Falhou: core_temp_c fora do domínio [-100, 200]: 6085.6
2026-02-20T15:42:51 | INFO     | __main__ | Mensagem processada com sucesso | satellite_id=SAT-AQUA-03
2026-02-20T15:42:51 | INFO     | __main__ | Mensagem processada com sucesso | satellite_id=SAT-AQUA-04
2026-02-20T15:42:51 | INFO     | __main__ | Mensagem processada com sucesso | satellite_id=SAT-AQUA-05
2026-02-20T15:42:52 | INFO     | __main__ | Mensagem processada com sucesso | satellite_id=SAT-AQUA-01
2026-02-20T15:42:52 | ERROR    | __main__ | Mensagem descartada | topic=curso/smartaqua/telemetry/SAT-AQUA-02 | erro=Integridade Falhou: core_temp_c fora do domínio [-100, 200]: 6085.7
2026-02-20T15:42:52 | INFO     | __main__ | Mensagem processada com sucesso | satellite_id=SAT-AQUA-03
2026-02-20T15:42:52 | INFO     | __main__ | Mensagem processada com sucesso | satellite_id=SAT-AQUA-04
2026-02-20T15:42:52 | INFO     | __main__ | Mensagem processada com sucesso | satellite_id=SAT-AQUA-05
2026-02-20T15:42:52 | INFO     | __main__ | Mensagem processada com sucesso | satellite_id=SAT-AQUA-01
2026-02-20T15:42:52 | ERROR    | __main__ | Mensagem descartada | topic=curso/smartaqua/telemetry/SAT-AQUA-02 | erro=Integridade Falhou: core_temp_c fora do domínio [-100, 200]: 6088.0
2026-02-20T15:42:52 | INFO     | __main__ | Mensagem processada com sucesso | satellite_id=SAT-AQUA-03
2026-02-20T15:42:52 | INFO     | __main__ | Mensagem processada com sucesso | satellite_id=SAT-AQUA-04
2026-02-20T15:42:52 | INFO     | __main__ | Mensagem processada com sucesso | satellite_id=SAT-AQUA-05
2026-02-20T15:42:52 | INFO     | __main__ | Mensagem processada com sucesso | satellite_id=SAT-AQUA-01
2026-02-20T15:42:52 | ERROR    | __main__ | Mensagem descartada | topic=curso/smartaqua/telemetry/SAT-AQUA-02 | erro=Integridade Falhou: core_temp_c fora do domínio [-100, 200]: 6087.5
2026-02-20T15:42:52 | INFO     | __main__ | Mensagem processada com sucesso | satellite_id=SAT-AQUA-03
2026-02-20T15:42:52 | INFO     | __main__ | Mensagem processada com sucesso | satellite_id=SAT-AQUA-04
2026-02-20T15:42:52 | INFO     | __main__ | Mensagem processada com sucesso | satellite_id=SAT-AQUA-05
2026-02-20T15:44:03 | INFO     | __main__ | Mensagem processada com sucesso | satellite_id=SAT-AQUA-01
2026-02-20T15:44:03 | INFO     | __main__ | Mensagem processada com sucesso | satellite_id=SAT-AQUA-02
2026-02-20T15:44:03 | INFO     | __main__ | Mensagem processada com sucesso | satellite_id=SAT-AQUA-03
2026-02-20T15:44:04 | INFO     | __main__ | Mensagem processada com sucesso | satellite_id=SAT-AQUA-04
2026-02-20T15:44:04 | INFO     | __main__ | Mensagem processada com sucesso | satellite_id=SAT-AQUA-05
2026-02-20T15:44:04 | INFO     | __main__ | Mensagem processada com sucesso | satellite_id=SAT-AQUA-01
2026-02-20T15:44:04 | INFO     | __main__ | Mensagem processada com sucesso | satellite_id=SAT-AQUA-02
2026-02-20T15:44:04 | INFO     | __main__ | Mensagem processada com sucesso | satellite_id=SAT-AQUA-03
2026-02-20T15:44:04 | INFO     | __main__ | Mensagem processada com sucesso | satellite_id=SAT-AQUA-04
2026-02-20T15:44:04 | INFO     | __main__ | Mensagem processada com sucesso | satellite_id=SAT-AQUA-05
2026-02-20T15:44:04 | INFO     | __main__ | Mensagem processada com sucesso | satellite_id=SAT-AQUA-01
2026-02-20T15:44:04 | INFO     | __main__ | Mensagem processada com sucesso | satellite_id=SAT-AQUA-02
2026-02-20T15:44:04 | INFO     | __main__ | Mensagem processada com sucesso | satellite_id=SAT-AQUA-03
2026-02-20T15:44:04 | INFO     | __main__ | Mensagem processada com sucesso | satellite_id=SAT-AQUA-04
2026-02-20T15:44:04 | INFO     | __main__ | Mensagem processada com sucesso | satellite_id=SAT-AQUA-05
2026-02-20T15:44:05 | INFO     | __main__ | Mensagem processada com sucesso | satellite_id=SAT-AQUA-01
2026-02-20T15:44:05 | INFO     | __main__ | Mensagem processada com sucesso | satellite_id=SAT-AQUA-02
2026-02-20T15:44:05 | INFO     | __main__ | Mensagem processada com sucesso | satellite_id=SAT-AQUA-03
2026-02-20T15:44:05 | INFO     | __main__ | Mensagem processada com sucesso | satellite_id=SAT-AQUA-04
2026-02-20T15:44:05 | INFO     | __main__ | Mensagem processada com sucesso | satellite_id=SAT-AQUA-05
2026-02-20T15:44:05 | INFO     | __main__ | Mensagem processada com sucesso | satellite_id=SAT-AQUA-01
2026-02-20T15:44:05 | INFO     | __main__ | Mensagem processada com sucesso | satellite_id=SAT-AQUA-02
2026-02-20T15:44:05 | INFO     | __main__ | Mensagem processada com sucesso | satellite_id=SAT-AQUA-03
2026-02-20T15:44:05 | INFO     | __main__ | Mensagem processada com sucesso | satellite_id=SAT-AQUA-04
2026-02-20T15:44:05 | INFO     | __main__ | Mensagem processada com sucesso | satellite_id=SAT-AQUA-05
2026-02-20T15:44:05 | INFO     | __main__ | Mensagem processada com sucesso | satellite_id=SAT-AQUA-01
2026-02-20T15:44:05 | INFO     | __main__ | Mensagem processada com sucesso | satellite_id=SAT-AQUA-02
2026-02-20T15:44:05 | INFO     | __main__ | Mensagem processada com sucesso | satellite_id=SAT-AQUA-03
2026-02-20T15:44:05 | INFO     | __main__ | Mensagem processada com sucesso | satellite_id=SAT-AQUA-04
2026-02-20T15:44:05 | INFO     | __main__ | Mensagem processada com sucesso | satellite_id=SAT-AQUA-05
2026-02-20T15:44:06 | INFO     | __main__ | Mensagem processada com sucesso | satellite_id=SAT-AQUA-01
2026-02-20T15:44:06 | INFO     | __main__ | Mensagem processada com sucesso | satellite_id=SAT-AQUA-02
2026-02-20T15:44:06 | INFO     | __main__ | Mensagem processada com sucesso | satellite_id=SAT-AQUA-03
2026-02-20T15:44:06 | INFO     | __main__ | Mensagem processada com sucesso | satellite_id=SAT-AQUA-04
2026-02-20T15:44:06 | INFO     | __main__ | Mensagem processada com sucesso | satellite_id=SAT-AQUA-05
2026-02-20T15:44:06 | INFO     | __main__ | Mensagem processada com sucesso | satellite_id=SAT-AQUA-01
2026-02-20T15:44:06 | INFO     | __main__ | Mensagem processada com sucesso | satellite_id=SAT-AQUA-02
2026-02-20T15:44:06 | INFO     | __main__ | Mensagem processada com sucesso | satellite_id=SAT-AQUA-03
2026-02-20T15:44:06 | INFO     | __main__ | Mensagem processada com sucesso | satellite_id=SAT-AQUA-04
2026-02-20T15:44:06 | INFO     | __main__ | Mensagem processada com sucesso | satellite_id=SAT-AQUA-05
2026-02-20T15:44:06 | INFO     | __main__ | Mensagem processada com sucesso | satellite_id=SAT-AQUA-01
2026-02-20T15:44:06 | INFO     | __main__ | Mensagem processada com sucesso | satellite_id=SAT-AQUA-02
2026-02-20T15:44:07 | INFO     | __main__ | Mensagem processada com sucesso | satellite_id=SAT-AQUA-03
2026-02-20T15:44:07 | INFO     | __main__ | Mensagem processada com sucesso | satellite_id=SAT-AQUA-04
2026-02-20T15:44:07 | INFO     | __main__ | Mensagem processada com sucesso | satellite_id=SAT-AQUA-05
2026-02-20T15:44:07 | INFO     | __main__ | Mensagem processada com sucesso | satellite_id=SAT-AQUA-01
2026-02-20T15:44:07 | INFO     | __main__ | Mensagem processada com sucesso | satellite_id=SAT-AQUA-02
2026-02-20T15:44:07 | INFO     | __main__ | Mensagem processada com sucesso | satellite_id=SAT-AQUA-03
2026-02-20T15:44:07 | INFO     | __main__ | Mensagem processada com sucesso | satellite_id=SAT-AQUA-04
2026-02-20T15:44:07 | INFO     | __main__ | Mensagem processada com sucesso | satellite_id=SAT-AQUA-05
2026-02-20T15:44:07 | INFO     | __main__ | Mensagem processada com sucesso | satellite_id=SAT-AQUA-01
2026-02-20T15:44:07 | INFO     | __main__ | Mensagem processada com sucesso | satellite_id=SAT-AQUA-02
2026-02-20T15:44:07 | INFO     | __main__ | Mensagem processada com sucesso | satellite_id=SAT-AQUA-03
2026-02-20T15:44:07 | INFO     | __main__ | Mensagem processada com sucesso | satellite_id=SAT-AQUA-04
2026-02-20T15:44:07 | INFO     | __main__ | Mensagem processada com sucesso | satellite_id=SAT-AQUA-05
2026-02-20T15:44:08 | INFO     | __main__ | Mensagem processada com sucesso | satellite_id=SAT-AQUA-01
2026-02-20T15:44:08 | INFO     | __main__ | Mensagem processada com sucesso | satellite_id=SAT-AQUA-02
2026-02-20T15:44:08 | INFO     | __main__ | Mensagem processada com sucesso | satellite_id=SAT-AQUA-03
2026-02-20T15:44:08 | INFO     | __main__ | Mensagem processada com sucesso | satellite_id=SAT-AQUA-04
2026-02-20T15:44:08 | INFO     | __main__ | Mensagem processada com sucesso | satellite_id=SAT-AQUA-05
2026-02-20T15:44:08 | INFO     | __main__ | Mensagem processada com sucesso | satellite_id=SAT-AQUA-01
2026-02-20T15:44:08 | INFO     | __main__ | Mensagem processada com sucesso | satellite_id=SAT-AQUA-02
2026-02-20T15:44:08 | INFO     | __main__ | Mensagem processada com sucesso | satellite_id=SAT-AQUA-03
2026-02-20T15:44:08 | INFO     | __main__ | Mensagem processada com sucesso | satellite_id=SAT-AQUA-04
2026-02-20T15:44:08 | INFO     | __main__ | Mensagem processada com sucesso | satellite_id=SAT-AQUA-05
2026-02-20T15:44:08 | INFO     | __main__ | Mensagem processada com sucesso | satellite_id=SAT-AQUA-01
2026-02-20T15:44:08 | INFO     | __main__ | Mensagem processada com sucesso | satellite_id=SAT-AQUA-02
2026-02-20T15:44:08 | INFO     | __main__ | Mensagem processada com sucesso | satellite_id=SAT-AQUA-03
2026-02-20T15:44:08 | INFO     | __main__ | Mensagem processada com sucesso | satellite_id=SAT-AQUA-04
2026-02-20T15:44:08 | INFO     | __main__ | Mensagem processada com sucesso | satellite_id=SAT-AQUA-05
2026-02-20T15:44:09 | INFO     | __main__ | Mensagem processada com sucesso | satellite_id=SAT-AQUA-01
2026-02-20T15:44:09 | INFO     | __main__ | Mensagem processada com sucesso | satellite_id=SAT-AQUA-02
2026-02-20T15:44:09 | INFO     | __main__ | Mensagem processada com sucesso | satellite_id=SAT-AQUA-03
2026-02-20T15:44:09 | INFO     | __main__ | Mensagem processada com sucesso | satellite_id=SAT-AQUA-04
2026-02-20T15:44:09 | INFO     | __main__ | Mensagem processada com sucesso | satellite_id=SAT-AQUA-05
2026-02-20T15:44:09 | INFO     | __main__ | Mensagem processada com sucesso | satellite_id=SAT-AQUA-01
2026-02-20T15:44:09 | INFO     | __main__ | Mensagem processada com sucesso | satellite_id=SAT-AQUA-02
2026-02-20T15:44:09 | INFO     | __main__ | Mensagem processada com sucesso | satellite_id=SAT-AQUA-03
2026-02-20T15:44:09 | INFO     | __main__ | Mensagem processada com sucesso | satellite_id=SAT-AQUA-04
2026-02-20T15:44:09 | INFO     | __main__ | Mensagem processada com sucesso | satellite_id=SAT-AQUA-05
2026-02-20T15:44:10 | INFO     | __main__ | Mensagem processada com sucesso | satellite_id=SAT-AQUA-01
2026-02-20T15:44:10 | INFO     | __main__ | Mensagem processada com sucesso | satellite_id=SAT-AQUA-02
2026-02-20T15:44:10 | INFO     | __main__ | Mensagem processada com sucesso | satellite_id=SAT-AQUA-03
2026-02-20T15:44:10 | INFO     | __main__ | Mensagem processada com sucesso | satellite_id=SAT-AQUA-04
2026-02-20T15:44:10 | INFO     | __main__ | Mensagem processada com sucesso | satellite_id=SAT-AQUA-05
2026-02-20T15:44:10 | INFO     | __main__ | Mensagem processada com sucesso | satellite_id=SAT-AQUA-01
2026-02-20T15:44:10 | INFO     | __main__ | Mensagem processada com sucesso | satellite_id=SAT-AQUA-02
2026-02-20T15:44:10 | INFO     | __main__ | Mensagem processada com sucesso | satellite_id=SAT-AQUA-03
2026-02-20T15:44:10 | INFO     | __main__ | Mensagem processada com sucesso | satellite_id=SAT-AQUA-04
2026-02-20T15:44:10 | INFO     | __main__ | Mensagem processada com sucesso | satellite_id=SAT-AQUA-05
2026-02-20T15:44:10 | INFO     | __main__ | Mensagem processada com sucesso | satellite_id=SAT-AQUA-01
2026-02-20T15:44:10 | INFO     | __main__ | Mensagem processada com sucesso | satellite_id=SAT-AQUA-02
2026-02-20T15:44:10 | INFO     | __main__ | Mensagem processada com sucesso | satellite_id=SAT-AQUA-03
2026-02-20T15:44:10 | INFO     | __main__ | Mensagem processada com sucesso | satellite_id=SAT-AQUA-04
2026-02-20T15:44:10 | INFO     | __main__ | Mensagem processada com sucesso | satellite_id=SAT-AQUA-05
2026-02-20T15:44:11 | INFO     | __main__ | Mensagem processada com sucesso | satellite_id=SAT-AQUA-01
2026-02-20T15:44:11 | INFO     | __main__ | Mensagem processada com sucesso | satellite_id=SAT-AQUA-02
2026-02-20T15:44:11 | INFO     | __main__ | Mensagem processada com sucesso | satellite_id=SAT-AQUA-03
2026-02-20T15:44:11 | INFO     | __main__ | Mensagem processada com sucesso | satellite_id=SAT-AQUA-04
2026-02-20T15:44:11 | INFO     | __main__ | Mensagem processada com sucesso | satellite_id=SAT-AQUA-05
2026-02-20T15:44:11 | INFO     | __main__ | Mensagem processada com sucesso | satellite_id=SAT-AQUA-01
2026-02-20T15:44:11 | INFO     | __main__ | Mensagem processada com sucesso | satellite_id=SAT-AQUA-02
2026-02-20T15:44:11 | INFO     | __main__ | Mensagem processada com sucesso | satellite_id=SAT-AQUA-03
2026-02-20T15:44:11 | INFO     | __main__ | Mensagem processada com sucesso | satellite_id=SAT-AQUA-04
2026-02-20T15:44:11 | INFO     | __main__ | Mensagem processada com sucesso | satellite_id=SAT-AQUA-05
2026-02-20T15:44:11 | INFO     | __main__ | Mensagem processada com sucesso | satellite_id=SAT-AQUA-01
2026-02-20T15:44:11 | INFO     | __main__ | Mensagem processada com sucesso | satellite_id=SAT-AQUA-02
2026-02-20T15:44:11 | INFO     | __main__ | Mensagem processada com sucesso | satellite_id=SAT-AQUA-03
2026-02-20T15:44:11 | INFO     | __main__ | Mensagem processada com sucesso | satellite_id=SAT-AQUA-04
2026-02-20T15:44:11 | INFO     | __main__ | Mensagem processada com sucesso | satellite_id=SAT-AQUA-05
2026-02-20T15:44:12 | INFO     | __main__ | Mensagem processada com sucesso | satellite_id=SAT-AQUA-01
2026-02-20T15:44:12 | INFO     | __main__ | Mensagem processada com sucesso | satellite_id=SAT-AQUA-02
2026-02-20T15:44:12 | INFO     | __main__ | Mensagem processada com sucesso | satellite_id=SAT-AQUA-03
2026-02-20T15:44:12 | INFO     | __main__ | Mensagem processada com sucesso | satellite_id=SAT-AQUA-04
2026-02-20T15:44:12 | INFO     | __main__ | Mensagem processada com sucesso | satellite_id=SAT-AQUA-05
